sys.path = ['.', '', '/usr/lib/python2.7/', '/usr/lib/python2.7/plat-x86_64-linux-gnu', '/usr/lib/python2.7/lib-tk', '/usr/lib/python2.7/lib-old', '/usr/lib/python2.7/lib-dynload', '/usr/lib/python2.7/site-packages', '/usr/lib64/python2.7/site-packages']
sys.version = '2.7.12 (default, Nov 19 2016, 06:48:10) \n[GCC 5.4.0 20160609]'
sys.prefix = '/usr'

sys.path = ['.', '', '/usr/lib/python2.7/', '/usr/lib/python2.7/plat-x86_64-linux-gnu', '/usr/lib/python2.7/lib-tk', '/usr/lib/python2.7/lib-old', '/usr/lib/python2.7/lib-dynload', '/usr/lib/python2.7/site-packages', '/usr/lib64/python2.7/site-packages']
sys.version = '2.7.12 (default, Nov 19 2016, 06:48:10) \n[GCC 5.4.0 20160609]'
sys.prefix = '/usr'

sys.path = ['.', '', '/usr/lib/python2.7/', '/usr/lib/python2.7/plat-x86_64-linux-gnu', '/usr/lib/python2.7/lib-tk', '/usr/lib/python2.7/lib-old', '/usr/lib/python2.7/lib-dynload', '/usr/lib/python2.7/site-packages', '/usr/lib64/python2.7/site-packages']
sys.version = '2.7.12 (default, Nov 19 2016, 06:48:10) \n[GCC 5.4.0 20160609]'
sys.prefix = '/usr'

sys.path = ['.', '', '/usr/lib/python2.7/', '/usr/lib/python2.7/plat-x86_64-linux-gnu', '/usr/lib/python2.7/lib-tk', '/usr/lib/python2.7/lib-old', '/usr/lib/python2.7/lib-dynload', '/usr/lib/python2.7/site-packages', '/usr/lib64/python2.7/site-packages']
sys.version = '2.7.12 (default, Nov 19 2016, 06:48:10) \n[GCC 5.4.0 20160609]'
sys.prefix = '/usr'

sys.path = ['.', '', '/usr/lib/python2.7/', '/usr/lib/python2.7/plat-x86_64-linux-gnu', '/usr/lib/python2.7/lib-tk', '/usr/lib/python2.7/lib-old', '/usr/lib/python2.7/lib-dynload', '/usr/lib/python2.7/site-packages', '/usr/lib64/python2.7/site-packages']
sys.version = '2.7.12 (default, Nov 19 2016, 06:48:10) \n[GCC 5.4.0 20160609]'
sys.prefix = '/usr'

sys.path = ['.', '', '/usr/lib/python2.7/', '/usr/lib/python2.7/plat-x86_64-linux-gnu', '/usr/lib/python2.7/lib-tk', '/usr/lib/python2.7/lib-old', '/usr/lib/python2.7/lib-dynload', '/usr/lib/python2.7/site-packages', '/usr/lib64/python2.7/site-packages']
sys.version = '2.7.12 (default, Nov 19 2016, 06:48:10) \n[GCC 5.4.0 20160609]'
sys.prefix = '/usr'

sys.path = ['.', '', '/usr/lib/python2.7/', '/usr/lib/python2.7/plat-x86_64-linux-gnu', '/usr/lib/python2.7/lib-tk', '/usr/lib/python2.7/lib-old', '/usr/lib/python2.7/lib-dynload', '/usr/lib/python2.7/site-packages', '/usr/lib64/python2.7/site-packages']
sys.version = '2.7.12 (default, Nov 19 2016, 06:48:10) \n[GCC 5.4.0 20160609]'
sys.prefix = '/usr'

sys.path = ['.', '', '/usr/lib/python2.7/', '/usr/lib/python2.7/plat-x86_64-linux-gnu', '/usr/lib/python2.7/lib-tk', '/usr/lib/python2.7/lib-old', '/usr/lib/python2.7/lib-dynload', '/usr/lib/python2.7/site-packages', '/usr/lib64/python2.7/site-packages']
sys.version = '2.7.12 (default, Nov 19 2016, 06:48:10) \n[GCC 5.4.0 20160609]'
sys.prefix = '/usr'

sys.path = ['.', '', '/usr/lib/python2.7/', '/usr/lib/python2.7/plat-x86_64-linux-gnu', '/usr/lib/python2.7/lib-tk', '/usr/lib/python2.7/lib-old', '/usr/lib/python2.7/lib-dynload', '/usr/lib/python2.7/site-packages', '/usr/lib64/python2.7/site-packages']
sys.version = '2.7.12 (default, Nov 19 2016, 06:48:10) \n[GCC 5.4.0 20160609]'
sys.prefix = '/usr'

sys.path = ['.', '', '/usr/lib/python2.7/', '/usr/lib/python2.7/plat-x86_64-linux-gnu', '/usr/lib/python2.7/lib-tk', '/usr/lib/python2.7/lib-old', '/usr/lib/python2.7/lib-dynload', '/usr/lib/python2.7/site-packages', '/usr/lib64/python2.7/site-packages']
sys.version = '2.7.12 (default, Nov 19 2016, 06:48:10) \n[GCC 5.4.0 20160609]'
sys.prefix = '/usr'

sys.path = ['.', '', '/usr/lib/python2.7/', '/usr/lib/python2.7/plat-x86_64-linux-gnu', '/usr/lib/python2.7/lib-tk', '/usr/lib/python2.7/lib-old', '/usr/lib/python2.7/lib-dynload', '/usr/lib/python2.7/site-packages', '/usr/lib64/python2.7/site-packages']
sys.version = '2.7.12 (default, Nov 19 2016, 06:48:10) \n[GCC 5.4.0 20160609]'
sys.prefix = '/usr'

sys.path = ['.', '', '/usr/lib/python2.7/', '/usr/lib/python2.7/plat-x86_64-linux-gnu', '/usr/lib/python2.7/lib-tk', '/usr/lib/python2.7/lib-old', '/usr/lib/python2.7/lib-dynload', '/usr/lib/python2.7/site-packages', '/usr/lib64/python2.7/site-packages']
sys.version = '2.7.12 (default, Nov 19 2016, 06:48:10) \n[GCC 5.4.0 20160609]'
sys.prefix = '/usr'

sys.path = ['.', '', '/usr/lib/python2.7/', '/usr/lib/python2.7/plat-x86_64-linux-gnu', '/usr/lib/python2.7/lib-tk', '/usr/lib/python2.7/lib-old', '/usr/lib/python2.7/lib-dynload', '/usr/lib/python2.7/site-packages', '/usr/lib64/python2.7/site-packages']
sys.version = '2.7.12 (default, Nov 19 2016, 06:48:10) \n[GCC 5.4.0 20160609]'
sys.prefix = '/usr'

sys.path = ['.', '', '/usr/lib/python2.7/', '/usr/lib/python2.7/plat-x86_64-linux-gnu', '/usr/lib/python2.7/lib-tk', '/usr/lib/python2.7/lib-old', '/usr/lib/python2.7/lib-dynload', '/usr/lib/python2.7/site-packages', '/usr/lib64/python2.7/site-packages']
sys.version = '2.7.12 (default, Nov 19 2016, 06:48:10) \n[GCC 5.4.0 20160609]'
sys.prefix = '/usr'

sys.path = ['.', '', '/usr/lib/python2.7/', '/usr/lib/python2.7/plat-x86_64-linux-gnu', '/usr/lib/python2.7/lib-tk', '/usr/lib/python2.7/lib-old', '/usr/lib/python2.7/lib-dynload', '/usr/lib/python2.7/site-packages', '/usr/lib64/python2.7/site-packages']
sys.version = '2.7.12 (default, Nov 19 2016, 06:48:10) \n[GCC 5.4.0 20160609]'
sys.prefix = '/usr'

sys.path = ['.', '', '/usr/lib/python2.7/', '/usr/lib/python2.7/plat-x86_64-linux-gnu', '/usr/lib/python2.7/lib-tk', '/usr/lib/python2.7/lib-old', '/usr/lib/python2.7/lib-dynload', '/usr/lib/python2.7/site-packages', '/usr/lib64/python2.7/site-packages']
sys.version = '2.7.12 (default, Nov 19 2016, 06:48:10) \n[GCC 5.4.0 20160609]'
sys.prefix = '/usr'

sys.path = ['.', '', '/usr/lib/python2.7/', '/usr/lib/python2.7/plat-x86_64-linux-gnu', '/usr/lib/python2.7/lib-tk', '/usr/lib/python2.7/lib-old', '/usr/lib/python2.7/lib-dynload', '/usr/lib/python2.7/site-packages', '/usr/lib64/python2.7/site-packages']
sys.version = '2.7.12 (default, Nov 19 2016, 06:48:10) \n[GCC 5.4.0 20160609]'
sys.prefix = '/usr'

sys.path = ['.', '', '/usr/lib/python2.7/', '/usr/lib/python2.7/plat-x86_64-linux-gnu', '/usr/lib/python2.7/lib-tk', '/usr/lib/python2.7/lib-old', '/usr/lib/python2.7/lib-dynload', '/usr/lib/python2.7/site-packages', '/usr/lib64/python2.7/site-packages']
sys.version = '2.7.12 (default, Nov 19 2016, 06:48:10) \n[GCC 5.4.0 20160609]'
sys.prefix = '/usr'

sys.path = ['.', '', '/usr/lib/python2.7/', '/usr/lib/python2.7/plat-x86_64-linux-gnu', '/usr/lib/python2.7/lib-tk', '/usr/lib/python2.7/lib-old', '/usr/lib/python2.7/lib-dynload', '/usr/lib/python2.7/site-packages', '/usr/lib64/python2.7/site-packages']
sys.version = '2.7.12 (default, Nov 19 2016, 06:48:10) \n[GCC 5.4.0 20160609]'
sys.prefix = '/usr'

sys.path = ['.', '', '/usr/lib/python2.7/', '/usr/lib/python2.7/plat-x86_64-linux-gnu', '/usr/lib/python2.7/lib-tk', '/usr/lib/python2.7/lib-old', '/usr/lib/python2.7/lib-dynload']
sys.version = '2.7.12 (default, Nov 19 2016, 06:48:10) \n[GCC 5.4.0 20160609]'
sys.prefix = '/usr'

sys.path = ['.', '', '/usr/lib/python2.7/', '/usr/lib/python2.7/plat-x86_64-linux-gnu', '/usr/lib/python2.7/lib-tk', '/usr/lib/python2.7/lib-old', '/usr/lib/python2.7/lib-dynload']
sys.version = '2.7.12 (default, Nov 19 2016, 06:48:10) \n[GCC 5.4.0 20160609]'
sys.prefix = '/usr'

sys.path = ['.', '', '/usr/lib/python2.7/', '/usr/lib/python2.7/plat-x86_64-linux-gnu', '/usr/lib/python2.7/lib-tk', '/usr/lib/python2.7/lib-old', '/usr/lib/python2.7/lib-dynload']
sys.version = '2.7.12 (default, Nov 19 2016, 06:48:10) \n[GCC 5.4.0 20160609]'
sys.prefix = '/usr'

sys.path = ['.', '', '/usr/lib/python2.7/', '/usr/lib/python2.7/plat-x86_64-linux-gnu', '/usr/lib/python2.7/lib-tk', '/usr/lib/python2.7/lib-old', '/usr/lib/python2.7/lib-dynload']
sys.version = '2.7.12 (default, Nov 19 2016, 06:48:10) \n[GCC 5.4.0 20160609]'
sys.prefix = '/usr'

sys.path = ['.', '', '/usr/lib/python2.7/', '/usr/lib/python2.7/plat-x86_64-linux-gnu', '/usr/lib/python2.7/lib-tk', '/usr/lib/python2.7/lib-old', '/usr/lib/python2.7/lib-dynload']
sys.version = '2.7.12 (default, Nov 19 2016, 06:48:10) \n[GCC 5.4.0 20160609]'
sys.prefix = '/usr'

sys.path = ['.', '', '/usr/lib/python2.7/', '/usr/lib/python2.7/plat-x86_64-linux-gnu', '/usr/lib/python2.7/lib-tk', '/usr/lib/python2.7/lib-old', '/usr/lib/python2.7/lib-dynload']
sys.version = '2.7.12 (default, Nov 19 2016, 06:48:10) \n[GCC 5.4.0 20160609]'
sys.prefix = '/usr'

Invalid login details: wlw11, WLW2017test
sys.path = ['.', '', '/usr/lib/python2.7/', '/usr/lib/python2.7/plat-x86_64-linux-gnu', '/usr/lib/python2.7/lib-tk', '/usr/lib/python2.7/lib-old', '/usr/lib/python2.7/lib-dynload']
sys.version = '2.7.12 (default, Nov 19 2016, 06:48:10) \n[GCC 5.4.0 20160609]'
sys.prefix = '/usr'

sys.path = ['.', '', '/usr/lib/python2.7/', '/usr/lib/python2.7/plat-x86_64-linux-gnu', '/usr/lib/python2.7/lib-tk', '/usr/lib/python2.7/lib-old', '/usr/lib/python2.7/lib-dynload']
sys.version = '2.7.12 (default, Nov 19 2016, 06:48:10) \n[GCC 5.4.0 20160609]'
sys.prefix = '/usr'

sys.path = ['.', '', '/usr/lib/python2.7/', '/usr/lib/python2.7/plat-x86_64-linux-gnu', '/usr/lib/python2.7/lib-tk', '/usr/lib/python2.7/lib-old', '/usr/lib/python2.7/lib-dynload']
sys.version = '2.7.12 (default, Nov 19 2016, 06:48:10) \n[GCC 5.4.0 20160609]'
sys.prefix = '/usr'

sys.path = ['.', '', '/usr/lib/python2.7/', '/usr/lib/python2.7/plat-x86_64-linux-gnu', '/usr/lib/python2.7/lib-tk', '/usr/lib/python2.7/lib-old', '/usr/lib/python2.7/lib-dynload']
sys.version = '2.7.12 (default, Nov 19 2016, 06:48:10) \n[GCC 5.4.0 20160609]'
sys.prefix = '/usr'

[<MultiStorageFieldFile: filer_public/ce/36/ce360162-0c0e-49f6-a23a-7583c9108e3f/9.jpg>, <MultiStorageFieldFile: filer_public/8d/53/8d53941c-dbed-464f-9bd8-c7df0ea7f9c3/12.jpg>, <MultiStorageFieldFile: filer_public/b1/86/b186673d-de6d-4591-bedd-5adc9baa77d4/10.jpg>, <MultiStorageFieldFile: filer_public/79/6b/796b3682-4c15-4f8a-aa2c-de9f763581af/6.jpg>, <MultiStorageFieldFile: filer_public/6e/cf/6ecf0d0f-79b8-4ca9-b772-8f4666ce776d/11.jpg>, <MultiStorageFieldFile: filer_public/9f/b7/9fb7c867-19d2-4bee-8998-d0c491950ba1/5.jpg>, <MultiStorageFieldFile: filer_public/29/9a/299a4d34-f704-4785-b522-1c6dffdbbf4c/3.jpg>, <MultiStorageFieldFile: filer_public/b9/d5/b9d57369-ae65-48fa-80f1-756faf5c9935/4.jpg>, <MultiStorageFieldFile: filer_public/12/bb/12bb36e9-d023-4683-8b68-bdbc7836b0d3/2.jpg>, <MultiStorageFieldFile: filer_public/bd/e1/bde10964-5f1d-45a0-a368-c9a6daee1edd/1.jpg>, <MultiStorageFieldFile: filer_public/52/54/5254fdfd-eb4c-46dc-a9fa-64ddd06c3d5f/8.jpg>, <MultiStorageFieldFile: filer_public/2b/0f/2b0f139f-ea7e-42a0-bc24-aa411307b575/7.jpg>]
sys.path = ['.', '', '/usr/lib/python2.7/', '/usr/lib/python2.7/plat-x86_64-linux-gnu', '/usr/lib/python2.7/lib-tk', '/usr/lib/python2.7/lib-old', '/usr/lib/python2.7/lib-dynload']
sys.version = '2.7.12 (default, Nov 19 2016, 06:48:10) \n[GCC 5.4.0 20160609]'
sys.prefix = '/usr'

sys.path = ['.', '', '/usr/lib/python2.7/', '/usr/lib/python2.7/plat-x86_64-linux-gnu', '/usr/lib/python2.7/lib-tk', '/usr/lib/python2.7/lib-old', '/usr/lib/python2.7/lib-dynload']
sys.version = '2.7.12 (default, Nov 19 2016, 06:48:10) \n[GCC 5.4.0 20160609]'
sys.prefix = '/usr'

[<MultiStorageFieldFile: filer_public/ce/36/ce360162-0c0e-49f6-a23a-7583c9108e3f/9.jpg>, <MultiStorageFieldFile: filer_public/8d/53/8d53941c-dbed-464f-9bd8-c7df0ea7f9c3/12.jpg>, <MultiStorageFieldFile: filer_public/b1/86/b186673d-de6d-4591-bedd-5adc9baa77d4/10.jpg>, <MultiStorageFieldFile: filer_public/79/6b/796b3682-4c15-4f8a-aa2c-de9f763581af/6.jpg>, <MultiStorageFieldFile: filer_public/6e/cf/6ecf0d0f-79b8-4ca9-b772-8f4666ce776d/11.jpg>, <MultiStorageFieldFile: filer_public/9f/b7/9fb7c867-19d2-4bee-8998-d0c491950ba1/5.jpg>, <MultiStorageFieldFile: filer_public/29/9a/299a4d34-f704-4785-b522-1c6dffdbbf4c/3.jpg>, <MultiStorageFieldFile: filer_public/b9/d5/b9d57369-ae65-48fa-80f1-756faf5c9935/4.jpg>, <MultiStorageFieldFile: filer_public/12/bb/12bb36e9-d023-4683-8b68-bdbc7836b0d3/2.jpg>, <MultiStorageFieldFile: filer_public/bd/e1/bde10964-5f1d-45a0-a368-c9a6daee1edd/1.jpg>, <MultiStorageFieldFile: filer_public/52/54/5254fdfd-eb4c-46dc-a9fa-64ddd06c3d5f/8.jpg>, <MultiStorageFieldFile: filer_public/2b/0f/2b0f139f-ea7e-42a0-bc24-aa411307b575/7.jpg>]
sys.path = ['.', '', '/usr/lib/python2.7/', '/usr/lib/python2.7/plat-x86_64-linux-gnu', '/usr/lib/python2.7/lib-tk', '/usr/lib/python2.7/lib-old', '/usr/lib/python2.7/lib-dynload']
sys.version = '2.7.12 (default, Nov 19 2016, 06:48:10) \n[GCC 5.4.0 20160609]'
sys.prefix = '/usr'

sys.path = ['.', '', '/usr/lib/python2.7/', '/usr/lib/python2.7/plat-x86_64-linux-gnu', '/usr/lib/python2.7/lib-tk', '/usr/lib/python2.7/lib-old', '/usr/lib/python2.7/lib-dynload']
sys.version = '2.7.12 (default, Nov 19 2016, 06:48:10) \n[GCC 5.4.0 20160609]'
sys.prefix = '/usr'

[<MultiStorageFieldFile: filer_public/ce/36/ce360162-0c0e-49f6-a23a-7583c9108e3f/9.jpg>, <MultiStorageFieldFile: filer_public/8d/53/8d53941c-dbed-464f-9bd8-c7df0ea7f9c3/12.jpg>, <MultiStorageFieldFile: filer_public/b1/86/b186673d-de6d-4591-bedd-5adc9baa77d4/10.jpg>, <MultiStorageFieldFile: filer_public/79/6b/796b3682-4c15-4f8a-aa2c-de9f763581af/6.jpg>, <MultiStorageFieldFile: filer_public/6e/cf/6ecf0d0f-79b8-4ca9-b772-8f4666ce776d/11.jpg>, <MultiStorageFieldFile: filer_public/9f/b7/9fb7c867-19d2-4bee-8998-d0c491950ba1/5.jpg>, <MultiStorageFieldFile: filer_public/29/9a/299a4d34-f704-4785-b522-1c6dffdbbf4c/3.jpg>, <MultiStorageFieldFile: filer_public/b9/d5/b9d57369-ae65-48fa-80f1-756faf5c9935/4.jpg>, <MultiStorageFieldFile: filer_public/12/bb/12bb36e9-d023-4683-8b68-bdbc7836b0d3/2.jpg>, <MultiStorageFieldFile: filer_public/bd/e1/bde10964-5f1d-45a0-a368-c9a6daee1edd/1.jpg>, <MultiStorageFieldFile: filer_public/52/54/5254fdfd-eb4c-46dc-a9fa-64ddd06c3d5f/8.jpg>, <MultiStorageFieldFile: filer_public/2b/0f/2b0f139f-ea7e-42a0-bc24-aa411307b575/7.jpg>]
[<MultiStorageFieldFile: filer_public/ce/36/ce360162-0c0e-49f6-a23a-7583c9108e3f/9.jpg>, <MultiStorageFieldFile: filer_public/8d/53/8d53941c-dbed-464f-9bd8-c7df0ea7f9c3/12.jpg>, <MultiStorageFieldFile: filer_public/b1/86/b186673d-de6d-4591-bedd-5adc9baa77d4/10.jpg>, <MultiStorageFieldFile: filer_public/79/6b/796b3682-4c15-4f8a-aa2c-de9f763581af/6.jpg>, <MultiStorageFieldFile: filer_public/6e/cf/6ecf0d0f-79b8-4ca9-b772-8f4666ce776d/11.jpg>, <MultiStorageFieldFile: filer_public/9f/b7/9fb7c867-19d2-4bee-8998-d0c491950ba1/5.jpg>, <MultiStorageFieldFile: filer_public/29/9a/299a4d34-f704-4785-b522-1c6dffdbbf4c/3.jpg>, <MultiStorageFieldFile: filer_public/b9/d5/b9d57369-ae65-48fa-80f1-756faf5c9935/4.jpg>, <MultiStorageFieldFile: filer_public/12/bb/12bb36e9-d023-4683-8b68-bdbc7836b0d3/2.jpg>, <MultiStorageFieldFile: filer_public/bd/e1/bde10964-5f1d-45a0-a368-c9a6daee1edd/1.jpg>, <MultiStorageFieldFile: filer_public/52/54/5254fdfd-eb4c-46dc-a9fa-64ddd06c3d5f/8.jpg>, <MultiStorageFieldFile: filer_public/2b/0f/2b0f139f-ea7e-42a0-bc24-aa411307b575/7.jpg>]
sys.path = ['.', '', '/usr/lib/python2.7/', '/usr/lib/python2.7/plat-x86_64-linux-gnu', '/usr/lib/python2.7/lib-tk', '/usr/lib/python2.7/lib-old', '/usr/lib/python2.7/lib-dynload']
sys.version = '2.7.12 (default, Nov 19 2016, 06:48:10) \n[GCC 5.4.0 20160609]'
sys.prefix = '/usr'

sys.path = ['.', '', '/usr/lib/python2.7/', '/usr/lib/python2.7/plat-x86_64-linux-gnu', '/usr/lib/python2.7/lib-tk', '/usr/lib/python2.7/lib-old', '/usr/lib/python2.7/lib-dynload']
sys.version = '2.7.12 (default, Nov 19 2016, 06:48:10) \n[GCC 5.4.0 20160609]'
sys.prefix = '/usr'

sys.path = ['.', '', '/usr/lib/python2.7/', '/usr/lib/python2.7/plat-x86_64-linux-gnu', '/usr/lib/python2.7/lib-tk', '/usr/lib/python2.7/lib-old', '/usr/lib/python2.7/lib-dynload']
sys.version = '2.7.12 (default, Nov 19 2016, 06:48:10) \n[GCC 5.4.0 20160609]'
sys.prefix = '/usr'

